# Logfile created on 2017-06-19 13:12:31 -0400 by logger.rb/56815
D, [2017-06-19T13:12:31.861377 #21187] DEBUG -- Pubnub::Client: Created new Pubnub::Client instance. Version: 4.0.22
D, [2017-06-19T13:12:31.862039 #21187] DEBUG -- Pubnub::Event: Initialized Pubnub::Publish
D, [2017-06-19T13:12:31.862519 #21187] DEBUG -- Pubnub::Publish: Fired event Pubnub::Publish
D, [2017-06-19T13:12:31.862566 #21187] DEBUG -- Pubnub::Event: #send_request called
D, [2017-06-19T13:12:31.862591 #21187] DEBUG -- Pubnub::SingleEvent: #request_dispatcher called
D, [2017-06-19T13:12:31.862616 #21187] DEBUG -- Pubnub::Client: Looking for requester for async single_event
D, [2017-06-19T13:12:31.862850 #21187] DEBUG -- Pubnub::Event: #send_request got sender
D, [2017-06-19T13:12:31.863199 #21187] DEBUG -- Pubnub::Event: Requested URI: http://ps.pndsn.com/publish/pub-c-03c504eb-d3d1-439c-9b3e-4c3e6e75123d/sub-c-489eb5e0-550d-11e7-81f3-02ee2ddab7fe/0/chan/0/%22hello%22?ortt=%7B%22t%22%3A14978923518620930%7D&pnsdk=PubNub-Ruby%2F4.0.22&seqn=1&uuid=dee4adf9-d057-45c9-98f2-d8b91e351986
D, [2017-06-19T13:12:31.906895 #21187] DEBUG -- Pubnub::Event: Requested URI: http://ps.pndsn.com/publish/pub-c-03c504eb-d3d1-439c-9b3e-4c3e6e75123d/sub-c-489eb5e0-550d-11e7-81f3-02ee2ddab7fe/0/chan/0/%22hello%22?ortt=%7B%22t%22%3A14978923518620930%7D&pnsdk=PubNub-Ruby%2F4.0.22&seqn=1&uuid=dee4adf9-d057-45c9-98f2-d8b91e351986
D, [2017-06-19T13:12:31.907081 #21187] DEBUG -- Pubnub::Event: Event#handle
D, [2017-06-19T13:12:31.907338 #21187] DEBUG -- Pubnub::Event: Firing callbacks for Pubnub::Publish
E, [2017-06-19T13:15:43.492202 #21298] ERROR -- : Couldn't cleanly terminate all actors in 10 seconds!
D, [2017-06-19T13:15:52.289903 #21307] DEBUG -- Pubnub::Client: Created new Pubnub::Client instance. Version: 4.0.22
D, [2017-06-19T13:15:52.290728 #21307] DEBUG -- Pubnub::Event: Initialized Pubnub::Publish
D, [2017-06-19T13:15:52.291218 #21307] DEBUG -- Pubnub::Publish: Fired event Pubnub::Publish
D, [2017-06-19T13:15:52.291267 #21307] DEBUG -- Pubnub::Event: #send_request called
D, [2017-06-19T13:15:52.291292 #21307] DEBUG -- Pubnub::SingleEvent: #request_dispatcher called
D, [2017-06-19T13:15:52.291325 #21307] DEBUG -- Pubnub::Client: Looking for requester for async single_event
D, [2017-06-19T13:15:52.291570 #21307] DEBUG -- Pubnub::Event: #send_request got sender
D, [2017-06-19T13:15:52.291920 #21307] DEBUG -- Pubnub::Event: Requested URI: http://ps.pndsn.com/publish/pub-c-03c504eb-d3d1-439c-9b3e-4c3e6e75123d/sub-c-489eb5e0-550d-11e7-81f3-02ee2ddab7fe/0/chan/0/%22hello%22?ortt=%7B%22t%22%3A14978925522907810%7D&pnsdk=PubNub-Ruby%2F4.0.22&seqn=1&uuid=d1d3e4a2-063e-41b9-8e58-de6e8ec6d06a
D, [2017-06-19T13:15:52.333919 #21307] DEBUG -- Pubnub::Event: Requested URI: http://ps.pndsn.com/publish/pub-c-03c504eb-d3d1-439c-9b3e-4c3e6e75123d/sub-c-489eb5e0-550d-11e7-81f3-02ee2ddab7fe/0/chan/0/%22hello%22?ortt=%7B%22t%22%3A14978925522907810%7D&pnsdk=PubNub-Ruby%2F4.0.22&seqn=1&uuid=d1d3e4a2-063e-41b9-8e58-de6e8ec6d06a
D, [2017-06-19T13:15:52.334102 #21307] DEBUG -- Pubnub::Event: Event#handle
D, [2017-06-19T13:15:52.334504 #21307] DEBUG -- Pubnub::Event: Firing callbacks for Pubnub::Publish
D, [2017-06-19T13:17:01.018902 #21389] DEBUG -- Pubnub::Client: Created new Pubnub::Client instance. Version: 4.0.22
D, [2017-06-19T13:17:01.019725 #21389] DEBUG -- Pubnub::Event: Initialized Pubnub::Publish
D, [2017-06-19T13:17:01.020227 #21389] DEBUG -- Pubnub::Publish: Fired event Pubnub::Publish
D, [2017-06-19T13:17:01.020292 #21389] DEBUG -- Pubnub::Event: #send_request called
D, [2017-06-19T13:17:01.020329 #21389] DEBUG -- Pubnub::SingleEvent: #request_dispatcher called
D, [2017-06-19T13:17:01.020477 #21389] DEBUG -- Pubnub::Client: Looking for requester for async single_event
D, [2017-06-19T13:17:01.021092 #21389] DEBUG -- Pubnub::Event: #send_request got sender
D, [2017-06-19T13:17:01.023275 #21389] DEBUG -- Pubnub::Event: Requested URI: http://ps.pndsn.com/publish/pub-c-03c504eb-d3d1-439c-9b3e-4c3e6e75123d/sub-c-489eb5e0-550d-11e7-81f3-02ee2ddab7fe/0/chan/0/%22hello%22?ortt=%7B%22t%22%3A14978926210197640%7D&pnsdk=PubNub-Ruby%2F4.0.22&seqn=1&uuid=6c3cbd07-c59f-4711-9c38-fe0565b4e816
D, [2017-06-19T13:17:01.062860 #21389] DEBUG -- Pubnub::Event: Requested URI: http://ps.pndsn.com/publish/pub-c-03c504eb-d3d1-439c-9b3e-4c3e6e75123d/sub-c-489eb5e0-550d-11e7-81f3-02ee2ddab7fe/0/chan/0/%22hello%22?ortt=%7B%22t%22%3A14978926210197640%7D&pnsdk=PubNub-Ruby%2F4.0.22&seqn=1&uuid=6c3cbd07-c59f-4711-9c38-fe0565b4e816
D, [2017-06-19T13:17:01.062993 #21389] DEBUG -- Pubnub::Event: Event#handle
D, [2017-06-19T13:17:01.063167 #21389] DEBUG -- Pubnub::Event: Firing callbacks for Pubnub::Publish
D, [2017-06-19T13:17:12.865118 #21419] DEBUG -- Pubnub::Client: Created new Pubnub::Client instance. Version: 4.0.22
D, [2017-06-19T13:17:12.865840 #21419] DEBUG -- Pubnub::Event: Initialized Pubnub::Publish
D, [2017-06-19T13:17:12.895818 #21419] DEBUG -- Pubnub::Publish: Fired event Pubnub::Publish
D, [2017-06-19T13:17:12.895879 #21419] DEBUG -- Pubnub::Event: #send_request called
D, [2017-06-19T13:17:12.895903 #21419] DEBUG -- Pubnub::SingleEvent: #request_dispatcher called
D, [2017-06-19T13:17:12.895925 #21419] DEBUG -- Pubnub::Client: Looking for requester for async single_event
D, [2017-06-19T13:17:12.896138 #21419] DEBUG -- Pubnub::Event: #send_request got sender
D, [2017-06-19T13:17:12.896798 #21419] DEBUG -- Pubnub::Event: Requested URI: http://ps.pndsn.com/publish/pub-c-03c504eb-d3d1-439c-9b3e-4c3e6e75123d/sub-c-489eb5e0-550d-11e7-81f3-02ee2ddab7fe/0/chan/0/%22hello%22?ortt=%7B%22t%22%3A14978926328658870%7D&pnsdk=PubNub-Ruby%2F4.0.22&seqn=1&uuid=3d9c0953-199f-4fd2-af43-4d21067d6568
D, [2017-06-19T13:17:12.969411 #21419] DEBUG -- Pubnub::Event: Requested URI: http://ps.pndsn.com/publish/pub-c-03c504eb-d3d1-439c-9b3e-4c3e6e75123d/sub-c-489eb5e0-550d-11e7-81f3-02ee2ddab7fe/0/chan/0/%22hello%22?ortt=%7B%22t%22%3A14978926328658870%7D&pnsdk=PubNub-Ruby%2F4.0.22&seqn=1&uuid=3d9c0953-199f-4fd2-af43-4d21067d6568
D, [2017-06-19T13:17:12.969558 #21419] DEBUG -- Pubnub::Event: Event#handle
D, [2017-06-19T13:17:12.969717 #21419] DEBUG -- Pubnub::Event: Firing callbacks for Pubnub::Publish
D, [2017-06-19T13:20:34.099324 #21516] DEBUG -- Pubnub::Client: Created new Pubnub::Client instance. Version: 4.0.22
D, [2017-06-19T13:20:34.099959 #21516] DEBUG -- Pubnub::Event: Initialized Pubnub::Publish
D, [2017-06-19T13:20:34.102071 #21516] DEBUG -- Pubnub::Publish: Fired event Pubnub::Publish
D, [2017-06-19T13:20:34.102146 #21516] DEBUG -- Pubnub::Event: #send_request called
D, [2017-06-19T13:20:34.102188 #21516] DEBUG -- Pubnub::SingleEvent: #request_dispatcher called
D, [2017-06-19T13:20:34.102211 #21516] DEBUG -- Pubnub::Client: Looking for requester for async single_event
D, [2017-06-19T13:20:34.102449 #21516] DEBUG -- Pubnub::Event: #send_request got sender
D, [2017-06-19T13:20:34.102724 #21516] DEBUG -- Pubnub::Event: Requested URI: http://ps.pndsn.com/publish/pub-c-03c504eb-d3d1-439c-9b3e-4c3e6e75123d/sub-c-489eb5e0-550d-11e7-81f3-02ee2ddab7fe/0/chan/0/%22hello%22?ortt=%7B%22t%22%3A14978928340999990%7D&pnsdk=PubNub-Ruby%2F4.0.22&seqn=1&uuid=6d0d6107-6037-4476-b206-12c3e9cee1b9
D, [2017-06-19T13:20:34.170593 #21516] DEBUG -- Pubnub::Event: Requested URI: http://ps.pndsn.com/publish/pub-c-03c504eb-d3d1-439c-9b3e-4c3e6e75123d/sub-c-489eb5e0-550d-11e7-81f3-02ee2ddab7fe/0/chan/0/%22hello%22?ortt=%7B%22t%22%3A14978928340999990%7D&pnsdk=PubNub-Ruby%2F4.0.22&seqn=1&uuid=6d0d6107-6037-4476-b206-12c3e9cee1b9
D, [2017-06-19T13:20:34.171141 #21516] DEBUG -- Pubnub::Event: Event#handle
D, [2017-06-19T13:20:34.172255 #21516] DEBUG -- Pubnub::Event: Firing callbacks for Pubnub::Publish
D, [2017-06-19T13:21:04.736373 #21571] DEBUG -- Pubnub::Client: Created new Pubnub::Client instance. Version: 4.0.22
D, [2017-06-19T13:21:04.737135 #21571] DEBUG -- Pubnub::Event: Initialized Pubnub::Publish
D, [2017-06-19T13:21:04.759053 #21571] DEBUG -- Pubnub::Publish: Fired event Pubnub::Publish
D, [2017-06-19T13:21:04.762020 #21571] DEBUG -- Pubnub::Event: #send_request called
D, [2017-06-19T13:21:04.762087 #21571] DEBUG -- Pubnub::SingleEvent: #request_dispatcher called
D, [2017-06-19T13:21:04.762146 #21571] DEBUG -- Pubnub::Client: Looking for requester for async single_event
D, [2017-06-19T13:21:04.762409 #21571] DEBUG -- Pubnub::Event: #send_request got sender
D, [2017-06-19T13:21:04.776292 #21571] DEBUG -- Pubnub::Event: Requested URI: http://ps.pndsn.com/publish/pub-c-03c504eb-d3d1-439c-9b3e-4c3e6e75123d/sub-c-489eb5e0-550d-11e7-81f3-02ee2ddab7fe/0/chan/0/%22hello%22?ortt=%7B%22t%22%3A14978928647371860%7D&pnsdk=PubNub-Ruby%2F4.0.22&seqn=1&uuid=0ff17165-0264-432a-85d0-8b8149e7f198
D, [2017-06-19T13:21:04.923058 #21571] DEBUG -- Pubnub::Event: Requested URI: http://ps.pndsn.com/publish/pub-c-03c504eb-d3d1-439c-9b3e-4c3e6e75123d/sub-c-489eb5e0-550d-11e7-81f3-02ee2ddab7fe/0/chan/0/%22hello%22?ortt=%7B%22t%22%3A14978928647371860%7D&pnsdk=PubNub-Ruby%2F4.0.22&seqn=1&uuid=0ff17165-0264-432a-85d0-8b8149e7f198
D, [2017-06-19T13:21:04.931217 #21571] DEBUG -- Pubnub::Event: Event#handle
D, [2017-06-19T13:21:04.934218 #21571] DEBUG -- Pubnub::Event: Firing callbacks for Pubnub::Publish
D, [2017-06-19T13:22:04.628386 #21619] DEBUG -- Pubnub::Client: Created new Pubnub::Client instance. Version: 4.0.22
D, [2017-06-19T13:22:04.629164 #21619] DEBUG -- Pubnub::Event: Initialized Pubnub::Publish
D, [2017-06-19T13:22:04.636424 #21619] DEBUG -- Pubnub::Publish: Fired event Pubnub::Publish
D, [2017-06-19T13:22:04.649230 #21619] DEBUG -- Pubnub::Event: #send_request called
D, [2017-06-19T13:22:04.650051 #21619] DEBUG -- Pubnub::SingleEvent: #request_dispatcher called
D, [2017-06-19T13:22:04.655310 #21619] DEBUG -- Pubnub::Client: Looking for requester for async single_event
D, [2017-06-19T13:22:04.655603 #21619] DEBUG -- Pubnub::Event: #send_request got sender
D, [2017-06-19T13:22:04.655900 #21619] DEBUG -- Pubnub::Event: Requested URI: http://ps.pndsn.com/publish/pub-c-03c504eb-d3d1-439c-9b3e-4c3e6e75123d/sub-c-489eb5e0-550d-11e7-81f3-02ee2ddab7fe/0/chan/0/%22hello%22?ortt=%7B%22t%22%3A14978929246292040%7D&pnsdk=PubNub-Ruby%2F4.0.22&seqn=1&uuid=a428ca81-9ab2-426c-9258-3c2ebcefcfbd
D, [2017-06-19T13:22:04.700459 #21619] DEBUG -- Pubnub::Event: Requested URI: http://ps.pndsn.com/publish/pub-c-03c504eb-d3d1-439c-9b3e-4c3e6e75123d/sub-c-489eb5e0-550d-11e7-81f3-02ee2ddab7fe/0/chan/0/%22hello%22?ortt=%7B%22t%22%3A14978929246292040%7D&pnsdk=PubNub-Ruby%2F4.0.22&seqn=1&uuid=a428ca81-9ab2-426c-9258-3c2ebcefcfbd
D, [2017-06-19T13:22:04.701706 #21619] DEBUG -- Pubnub::Event: Event#handle
D, [2017-06-19T13:22:04.701895 #21619] DEBUG -- Pubnub::Event: Firing callbacks for Pubnub::Publish
E, [2017-06-19T13:26:55.763803 #21807] ERROR -- : Couldn't cleanly terminate all actors in 10 seconds!
D, [2017-06-19T13:33:57.370580 #22020] DEBUG -- Pubnub::Client: Created new Pubnub::Client instance. Version: 4.0.22
D, [2017-06-19T13:33:57.371392 #22020] DEBUG -- Pubnub::Event: Initialized Pubnub::Publish
D, [2017-06-19T13:33:57.379829 #22020] DEBUG -- Pubnub::Publish: Fired event Pubnub::Publish
D, [2017-06-19T13:33:57.382265 #22020] DEBUG -- Pubnub::Event: #send_request called
D, [2017-06-19T13:33:57.397544 #22020] DEBUG -- Pubnub::SingleEvent: #request_dispatcher called
D, [2017-06-19T13:33:57.397627 #22020] DEBUG -- Pubnub::Client: Looking for requester for async single_event
D, [2017-06-19T13:33:57.397903 #22020] DEBUG -- Pubnub::Event: #send_request got sender
D, [2017-06-19T13:33:57.398209 #22020] DEBUG -- Pubnub::Event: Requested URI: http://ps.pndsn.com/publish/pub-c-03c504eb-d3d1-439c-9b3e-4c3e6e75123d/sub-c-489eb5e0-550d-11e7-81f3-02ee2ddab7fe/0/chan/0/%22hello%22?ortt=%7B%22t%22%3A14978936373714392%7D&pnsdk=PubNub-Ruby%2F4.0.22&seqn=1&uuid=6db061db-086b-4d83-a700-d0914a5f40c3
D, [2017-06-19T13:33:57.453119 #22020] DEBUG -- Pubnub::Event: Requested URI: http://ps.pndsn.com/publish/pub-c-03c504eb-d3d1-439c-9b3e-4c3e6e75123d/sub-c-489eb5e0-550d-11e7-81f3-02ee2ddab7fe/0/chan/0/%22hello%22?ortt=%7B%22t%22%3A14978936373714392%7D&pnsdk=PubNub-Ruby%2F4.0.22&seqn=1&uuid=6db061db-086b-4d83-a700-d0914a5f40c3
D, [2017-06-19T13:33:57.454148 #22020] DEBUG -- Pubnub::Event: Event#handle
D, [2017-06-19T13:33:57.455206 #22020] DEBUG -- Pubnub::Event: Firing callbacks for Pubnub::Publish
E, [2017-06-19T13:56:50.407807 #22608] ERROR -- : Couldn't cleanly terminate all actors in 10 seconds!
D, [2017-06-19T13:56:57.861488 #22619] DEBUG -- Pubnub::Client: Created new Pubnub::Client instance. Version: 4.0.22
D, [2017-06-19T13:56:57.862082 #22619] DEBUG -- Pubnub::Event: Initialized Pubnub::Publish
D, [2017-06-19T13:56:57.865222 #22619] DEBUG -- Pubnub::Publish: Fired event Pubnub::Publish
D, [2017-06-19T13:56:57.876421 #22619] DEBUG -- Pubnub::Event: #send_request called
D, [2017-06-19T13:56:57.876484 #22619] DEBUG -- Pubnub::SingleEvent: #request_dispatcher called
D, [2017-06-19T13:56:57.876512 #22619] DEBUG -- Pubnub::Client: Looking for requester for async single_event
D, [2017-06-19T13:56:57.876722 #22619] DEBUG -- Pubnub::Event: #send_request got sender
D, [2017-06-19T13:56:57.877033 #22619] DEBUG -- Pubnub::Event: Requested URI: http://ps.pndsn.com/publish/pub-c-03c504eb-d3d1-439c-9b3e-4c3e6e75123d/sub-c-489eb5e0-550d-11e7-81f3-02ee2ddab7fe/0/chan/0/%22hello%22?ortt=%7B%22t%22%3A14978950178621362%7D&pnsdk=PubNub-Ruby%2F4.0.22&seqn=1&uuid=d3c05872-665c-4a71-b37f-21a31f8485c1
D, [2017-06-19T13:56:57.989559 #22619] DEBUG -- Pubnub::Event: Requested URI: http://ps.pndsn.com/publish/pub-c-03c504eb-d3d1-439c-9b3e-4c3e6e75123d/sub-c-489eb5e0-550d-11e7-81f3-02ee2ddab7fe/0/chan/0/%22hello%22?ortt=%7B%22t%22%3A14978950178621362%7D&pnsdk=PubNub-Ruby%2F4.0.22&seqn=1&uuid=d3c05872-665c-4a71-b37f-21a31f8485c1
D, [2017-06-19T13:56:58.002901 #22619] DEBUG -- Pubnub::Event: Event#handle
D, [2017-06-19T13:56:58.003114 #22619] DEBUG -- Pubnub::Event: Firing callbacks for Pubnub::Publish
E, [2017-06-19T14:04:17.668957 #22819] ERROR -- : Couldn't cleanly terminate all actors in 10 seconds!
D, [2017-06-19T14:04:45.159072 #22855] DEBUG -- Pubnub::Client: Created new Pubnub::Client instance. Version: 4.0.22
D, [2017-06-19T14:04:45.159805 #22855] DEBUG -- Pubnub::Event: Initialized Pubnub::Publish
D, [2017-06-19T14:04:45.190071 #22855] DEBUG -- Pubnub::Publish: Fired event Pubnub::Publish
D, [2017-06-19T14:04:45.195166 #22855] DEBUG -- Pubnub::Event: #send_request called
D, [2017-06-19T14:04:45.195232 #22855] DEBUG -- Pubnub::SingleEvent: #request_dispatcher called
D, [2017-06-19T14:04:45.195279 #22855] DEBUG -- Pubnub::Client: Looking for requester for async single_event
D, [2017-06-19T14:04:45.195529 #22855] DEBUG -- Pubnub::Event: #send_request got sender
D, [2017-06-19T14:04:45.195854 #22855] DEBUG -- Pubnub::Event: Requested URI: http://ps.pndsn.com/publish/pub-c-03c504eb-d3d1-439c-9b3e-4c3e6e75123d/sub-c-489eb5e0-550d-11e7-81f3-02ee2ddab7fe/0/chan/0/%22hello%22?ortt=%7B%22t%22%3A14978954851598452%7D&pnsdk=PubNub-Ruby%2F4.0.22&seqn=1&uuid=a755f4b3-1a6d-4711-8ac0-f5020d0e2cbc
D, [2017-06-19T14:04:45.274396 #22855] DEBUG -- Pubnub::Event: Requested URI: http://ps.pndsn.com/publish/pub-c-03c504eb-d3d1-439c-9b3e-4c3e6e75123d/sub-c-489eb5e0-550d-11e7-81f3-02ee2ddab7fe/0/chan/0/%22hello%22?ortt=%7B%22t%22%3A14978954851598452%7D&pnsdk=PubNub-Ruby%2F4.0.22&seqn=1&uuid=a755f4b3-1a6d-4711-8ac0-f5020d0e2cbc
D, [2017-06-19T14:04:45.286561 #22855] DEBUG -- Pubnub::Event: Event#handle
D, [2017-06-19T14:04:45.286819 #22855] DEBUG -- Pubnub::Event: Firing callbacks for Pubnub::Publish
D, [2017-06-19T14:07:39.739156 #22943] DEBUG -- Pubnub::Client: Created new Pubnub::Client instance. Version: 4.0.22
D, [2017-06-19T14:07:39.739878 #22943] DEBUG -- Pubnub::Event: Initialized Pubnub::Publish
D, [2017-06-19T14:07:39.749416 #22943] DEBUG -- Pubnub::Publish: Fired event Pubnub::Publish
D, [2017-06-19T14:07:39.750794 #22943] DEBUG -- Pubnub::Event: #send_request called
D, [2017-06-19T14:07:39.750867 #22943] DEBUG -- Pubnub::SingleEvent: #request_dispatcher called
D, [2017-06-19T14:07:39.750917 #22943] DEBUG -- Pubnub::Client: Looking for requester for async single_event
D, [2017-06-19T14:07:39.751151 #22943] DEBUG -- Pubnub::Event: #send_request got sender
D, [2017-06-19T14:07:39.751485 #22943] DEBUG -- Pubnub::Event: Requested URI: http://ps.pndsn.com/publish/pub-c-03c504eb-d3d1-439c-9b3e-4c3e6e75123d/sub-c-489eb5e0-550d-11e7-81f3-02ee2ddab7fe/0/chan/0/%22hello%22?ortt=%7B%22t%22%3A14978956597399200%7D&pnsdk=PubNub-Ruby%2F4.0.22&seqn=1&uuid=ad61b731-4200-465f-afcd-1e97cc784778
D, [2017-06-19T14:07:39.832714 #22943] DEBUG -- Pubnub::Event: Requested URI: http://ps.pndsn.com/publish/pub-c-03c504eb-d3d1-439c-9b3e-4c3e6e75123d/sub-c-489eb5e0-550d-11e7-81f3-02ee2ddab7fe/0/chan/0/%22hello%22?ortt=%7B%22t%22%3A14978956597399200%7D&pnsdk=PubNub-Ruby%2F4.0.22&seqn=1&uuid=ad61b731-4200-465f-afcd-1e97cc784778
D, [2017-06-19T14:07:39.833010 #22943] DEBUG -- Pubnub::Event: Event#handle
D, [2017-06-19T14:07:39.833391 #22943] DEBUG -- Pubnub::Event: Firing callbacks for Pubnub::Publish
D, [2017-06-19T14:14:19.828403 #23187] DEBUG -- Pubnub::Client: Created new Pubnub::Client instance. Version: 4.0.22
D, [2017-06-19T14:14:19.829082 #23187] DEBUG -- Pubnub::Event: Initialized Pubnub::Publish
D, [2017-06-19T14:14:19.897358 #23187] DEBUG -- Pubnub::Publish: Fired event Pubnub::Publish
D, [2017-06-19T14:14:19.900473 #23187] DEBUG -- Pubnub::Event: #send_request called
D, [2017-06-19T14:14:19.902225 #23187] DEBUG -- Pubnub::SingleEvent: #request_dispatcher called
D, [2017-06-19T14:14:19.910099 #23187] DEBUG -- Pubnub::Client: Looking for requester for async single_event
D, [2017-06-19T14:14:19.911247 #23187] DEBUG -- Pubnub::Event: #send_request got sender
D, [2017-06-19T14:14:19.911823 #23187] DEBUG -- Pubnub::Event: Requested URI: http://ps.pndsn.com/publish/pub-c-03c504eb-d3d1-439c-9b3e-4c3e6e75123d/sub-c-489eb5e0-550d-11e7-81f3-02ee2ddab7fe/0/chan/0/%22hello%22?ortt=%7B%22t%22%3A14978960598291358%7D&pnsdk=PubNub-Ruby%2F4.0.22&seqn=1&uuid=4253ef30-5b03-47b7-95d7-4af8674ad464
D, [2017-06-19T14:14:20.047009 #23187] DEBUG -- Pubnub::Event: Requested URI: http://ps.pndsn.com/publish/pub-c-03c504eb-d3d1-439c-9b3e-4c3e6e75123d/sub-c-489eb5e0-550d-11e7-81f3-02ee2ddab7fe/0/chan/0/%22hello%22?ortt=%7B%22t%22%3A14978960598291358%7D&pnsdk=PubNub-Ruby%2F4.0.22&seqn=1&uuid=4253ef30-5b03-47b7-95d7-4af8674ad464
D, [2017-06-19T14:14:20.047377 #23187] DEBUG -- Pubnub::Event: Event#handle
D, [2017-06-19T14:14:20.047755 #23187] DEBUG -- Pubnub::Event: Firing callbacks for Pubnub::Publish
E, [2017-06-19T14:15:15.804975 #23233] ERROR -- : Couldn't cleanly terminate all actors in 10 seconds!
D, [2017-06-19T14:15:20.555177 #23246] DEBUG -- Pubnub::Client: Created new Pubnub::Client instance. Version: 4.0.22
D, [2017-06-19T14:15:20.556237 #23246] DEBUG -- Pubnub::Event: Initialized Pubnub::Publish
D, [2017-06-19T14:15:20.590258 #23246] DEBUG -- Pubnub::Publish: Fired event Pubnub::Publish
D, [2017-06-19T14:15:20.590328 #23246] DEBUG -- Pubnub::Event: #send_request called
D, [2017-06-19T14:15:20.629246 #23246] DEBUG -- Pubnub::SingleEvent: #request_dispatcher called
D, [2017-06-19T14:15:20.632526 #23246] DEBUG -- Pubnub::Client: Looking for requester for async single_event
D, [2017-06-19T14:15:20.635197 #23246] DEBUG -- Pubnub::Event: #send_request got sender
D, [2017-06-19T14:15:20.643627 #23246] DEBUG -- Pubnub::Event: Requested URI: http://ps.pndsn.com/publish/pub-c-03c504eb-d3d1-439c-9b3e-4c3e6e75123d/sub-c-489eb5e0-550d-11e7-81f3-02ee2ddab7fe/0/chan/0/%22hello%22?ortt=%7B%22t%22%3A14978961205563168%7D&pnsdk=PubNub-Ruby%2F4.0.22&seqn=1&uuid=33709cd5-58d8-4b64-a432-fc4c13dc6335
D, [2017-06-19T14:15:20.757319 #23246] DEBUG -- Pubnub::Event: Requested URI: http://ps.pndsn.com/publish/pub-c-03c504eb-d3d1-439c-9b3e-4c3e6e75123d/sub-c-489eb5e0-550d-11e7-81f3-02ee2ddab7fe/0/chan/0/%22hello%22?ortt=%7B%22t%22%3A14978961205563168%7D&pnsdk=PubNub-Ruby%2F4.0.22&seqn=1&uuid=33709cd5-58d8-4b64-a432-fc4c13dc6335
D, [2017-06-19T14:15:20.757763 #23246] DEBUG -- Pubnub::Event: Event#handle
D, [2017-06-19T14:15:20.758557 #23246] DEBUG -- Pubnub::Event: Firing callbacks for Pubnub::Publish
D, [2017-06-19T14:16:26.426393 #23291] DEBUG -- Pubnub::Client: Created new Pubnub::Client instance. Version: 4.0.22
D, [2017-06-19T14:16:26.426988 #23291] DEBUG -- Pubnub::Event: Initialized Pubnub::Publish
D, [2017-06-19T14:16:26.427498 #23291] DEBUG -- Pubnub::Publish: Fired event Pubnub::Publish
D, [2017-06-19T14:16:26.490411 #23291] DEBUG -- Pubnub::Event: #send_request called
D, [2017-06-19T14:16:26.490485 #23291] DEBUG -- Pubnub::SingleEvent: #request_dispatcher called
D, [2017-06-19T14:16:26.490533 #23291] DEBUG -- Pubnub::Client: Looking for requester for async single_event
D, [2017-06-19T14:16:26.490734 #23291] DEBUG -- Pubnub::Event: #send_request got sender
D, [2017-06-19T14:16:26.491039 #23291] DEBUG -- Pubnub::Event: Requested URI: http://ps.pndsn.com/publish/pub-c-03c504eb-d3d1-439c-9b3e-4c3e6e75123d/sub-c-489eb5e0-550d-11e7-81f3-02ee2ddab7fe/0/chan/0/%22hello%22?ortt=%7B%22t%22%3A14978961864270410%7D&pnsdk=PubNub-Ruby%2F4.0.22&seqn=1&uuid=949e2e37-8e1a-454d-811e-200fd7225440
D, [2017-06-19T14:16:26.603001 #23291] DEBUG -- Pubnub::Event: Requested URI: http://ps.pndsn.com/publish/pub-c-03c504eb-d3d1-439c-9b3e-4c3e6e75123d/sub-c-489eb5e0-550d-11e7-81f3-02ee2ddab7fe/0/chan/0/%22hello%22?ortt=%7B%22t%22%3A14978961864270410%7D&pnsdk=PubNub-Ruby%2F4.0.22&seqn=1&uuid=949e2e37-8e1a-454d-811e-200fd7225440
D, [2017-06-19T14:16:26.603207 #23291] DEBUG -- Pubnub::Event: Event#handle
D, [2017-06-19T14:16:26.603475 #23291] DEBUG -- Pubnub::Event: Firing callbacks for Pubnub::Publish
D, [2017-06-19T14:20:46.549792 #23460] DEBUG -- Pubnub::Client: Created new Pubnub::Client instance. Version: 4.0.22
D, [2017-06-19T14:20:46.550497 #23460] DEBUG -- Pubnub::Event: Initialized Pubnub::Publish
D, [2017-06-19T14:20:46.617994 #23460] DEBUG -- Pubnub::Publish: Fired event Pubnub::Publish
D, [2017-06-19T14:20:46.618069 #23460] DEBUG -- Pubnub::Event: #send_request called
D, [2017-06-19T14:20:46.618139 #23460] DEBUG -- Pubnub::SingleEvent: #request_dispatcher called
D, [2017-06-19T14:20:46.618166 #23460] DEBUG -- Pubnub::Client: Looking for requester for async single_event
D, [2017-06-19T14:20:46.618385 #23460] DEBUG -- Pubnub::Event: #send_request got sender
D, [2017-06-19T14:20:46.618677 #23460] DEBUG -- Pubnub::Event: Requested URI: http://ps.pndsn.com/publish/pub-c-03c504eb-d3d1-439c-9b3e-4c3e6e75123d/sub-c-489eb5e0-550d-11e7-81f3-02ee2ddab7fe/0/chan/0/%22hello%22?ortt=%7B%22t%22%3A14978964465505490%7D&pnsdk=PubNub-Ruby%2F4.0.22&seqn=1&uuid=0751148a-65c9-4de7-b7fc-7a4b4ce1b38d
D, [2017-06-19T14:20:46.755665 #23460] DEBUG -- Pubnub::Event: Requested URI: http://ps.pndsn.com/publish/pub-c-03c504eb-d3d1-439c-9b3e-4c3e6e75123d/sub-c-489eb5e0-550d-11e7-81f3-02ee2ddab7fe/0/chan/0/%22hello%22?ortt=%7B%22t%22%3A14978964465505490%7D&pnsdk=PubNub-Ruby%2F4.0.22&seqn=1&uuid=0751148a-65c9-4de7-b7fc-7a4b4ce1b38d
D, [2017-06-19T14:20:46.755845 #23460] DEBUG -- Pubnub::Event: Event#handle
D, [2017-06-19T14:20:46.794764 #23460] DEBUG -- Pubnub::Event: Firing callbacks for Pubnub::Publish
E, [2017-06-19T14:23:02.505869 #23547] ERROR -- : Couldn't cleanly terminate all actors in 10 seconds!
D, [2017-06-19T14:23:09.937031 #23557] DEBUG -- Pubnub::Client: Created new Pubnub::Client instance. Version: 4.0.22
D, [2017-06-19T14:23:09.937612 #23557] DEBUG -- Pubnub::Event: Initialized Pubnub::Publish
D, [2017-06-19T14:23:09.948782 #23557] DEBUG -- Pubnub::Publish: Fired event Pubnub::Publish
D, [2017-06-19T14:23:09.948853 #23557] DEBUG -- Pubnub::Event: #send_request called
D, [2017-06-19T14:23:09.948897 #23557] DEBUG -- Pubnub::SingleEvent: #request_dispatcher called
D, [2017-06-19T14:23:09.949591 #23557] DEBUG -- Pubnub::Client: Looking for requester for async single_event
D, [2017-06-19T14:23:09.949829 #23557] DEBUG -- Pubnub::Event: #send_request got sender
D, [2017-06-19T14:23:09.950122 #23557] DEBUG -- Pubnub::Event: Requested URI: http://ps.pndsn.com/publish/pub-c-03c504eb-d3d1-439c-9b3e-4c3e6e75123d/sub-c-489eb5e0-550d-11e7-81f3-02ee2ddab7fe/0/chan/0/%22hello%22?ortt=%7B%22t%22%3A14978965899376660%7D&pnsdk=PubNub-Ruby%2F4.0.22&seqn=1&uuid=8bd157e4-f127-42e0-ad31-b027e8cb6d51
D, [2017-06-19T14:23:10.057322 #23557] DEBUG -- Pubnub::Event: Requested URI: http://ps.pndsn.com/publish/pub-c-03c504eb-d3d1-439c-9b3e-4c3e6e75123d/sub-c-489eb5e0-550d-11e7-81f3-02ee2ddab7fe/0/chan/0/%22hello%22?ortt=%7B%22t%22%3A14978965899376660%7D&pnsdk=PubNub-Ruby%2F4.0.22&seqn=1&uuid=8bd157e4-f127-42e0-ad31-b027e8cb6d51
D, [2017-06-19T14:23:10.070954 #23557] DEBUG -- Pubnub::Event: Event#handle
D, [2017-06-19T14:23:10.124963 #23557] DEBUG -- Pubnub::Event: Firing callbacks for Pubnub::Publish
E, [2017-06-19T14:23:40.933460 #23599] ERROR -- : Couldn't cleanly terminate all actors in 10 seconds!
D, [2017-06-19T14:23:47.230073 #23610] DEBUG -- Pubnub::Client: Created new Pubnub::Client instance. Version: 4.0.22
D, [2017-06-19T14:23:47.230741 #23610] DEBUG -- Pubnub::Event: Initialized Pubnub::Publish
D, [2017-06-19T14:23:47.231240 #23610] DEBUG -- Pubnub::Publish: Fired event Pubnub::Publish
D, [2017-06-19T14:23:47.232827 #23610] DEBUG -- Pubnub::Event: #send_request called
D, [2017-06-19T14:23:47.232889 #23610] DEBUG -- Pubnub::SingleEvent: #request_dispatcher called
D, [2017-06-19T14:23:47.232934 #23610] DEBUG -- Pubnub::Client: Looking for requester for async single_event
D, [2017-06-19T14:23:47.241547 #23610] DEBUG -- Pubnub::Event: #send_request got sender
D, [2017-06-19T14:23:47.241867 #23610] DEBUG -- Pubnub::Event: Requested URI: http://ps.pndsn.com/publish/pub-c-03c504eb-d3d1-439c-9b3e-4c3e6e75123d/sub-c-489eb5e0-550d-11e7-81f3-02ee2ddab7fe/0/chan/0/%22hello%22?ortt=%7B%22t%22%3A14978966272307790%7D&pnsdk=PubNub-Ruby%2F4.0.22&seqn=1&uuid=b0f23b84-8ed5-42c5-b469-6ab8bcc501b4
D, [2017-06-19T14:23:47.603240 #23610] DEBUG -- Pubnub::Event: Requested URI: http://ps.pndsn.com/publish/pub-c-03c504eb-d3d1-439c-9b3e-4c3e6e75123d/sub-c-489eb5e0-550d-11e7-81f3-02ee2ddab7fe/0/chan/0/%22hello%22?ortt=%7B%22t%22%3A14978966272307790%7D&pnsdk=PubNub-Ruby%2F4.0.22&seqn=1&uuid=b0f23b84-8ed5-42c5-b469-6ab8bcc501b4
D, [2017-06-19T14:23:47.604037 #23610] DEBUG -- Pubnub::Event: Event#handle
D, [2017-06-19T14:23:47.604944 #23610] DEBUG -- Pubnub::Event: Firing callbacks for Pubnub::Publish
D, [2017-06-19T14:24:14.221708 #23642] DEBUG -- Pubnub::Client: Created new Pubnub::Client instance. Version: 4.0.22
D, [2017-06-19T14:24:14.222575 #23642] DEBUG -- Pubnub::Event: Initialized Pubnub::Publish
D, [2017-06-19T14:24:14.223046 #23642] DEBUG -- Pubnub::Publish: Fired event Pubnub::Publish
D, [2017-06-19T14:24:14.223094 #23642] DEBUG -- Pubnub::Event: #send_request called
D, [2017-06-19T14:24:14.223121 #23642] DEBUG -- Pubnub::SingleEvent: #request_dispatcher called
D, [2017-06-19T14:24:14.223148 #23642] DEBUG -- Pubnub::Client: Looking for requester for async single_event
D, [2017-06-19T14:24:14.263422 #23642] DEBUG -- Pubnub::Event: #send_request got sender
D, [2017-06-19T14:24:14.263766 #23642] DEBUG -- Pubnub::Event: Requested URI: http://ps.pndsn.com/publish/pub-c-03c504eb-d3d1-439c-9b3e-4c3e6e75123d/sub-c-489eb5e0-550d-11e7-81f3-02ee2ddab7fe/0/chan/0/%22hello%22?ortt=%7B%22t%22%3A14978966542226188%7D&pnsdk=PubNub-Ruby%2F4.0.22&seqn=1&uuid=44f1e798-83b3-439d-b3ff-cf902ea17c72
D, [2017-06-19T14:24:14.609332 #23642] DEBUG -- Pubnub::Event: Requested URI: http://ps.pndsn.com/publish/pub-c-03c504eb-d3d1-439c-9b3e-4c3e6e75123d/sub-c-489eb5e0-550d-11e7-81f3-02ee2ddab7fe/0/chan/0/%22hello%22?ortt=%7B%22t%22%3A14978966542226188%7D&pnsdk=PubNub-Ruby%2F4.0.22&seqn=1&uuid=44f1e798-83b3-439d-b3ff-cf902ea17c72
D, [2017-06-19T14:24:14.609678 #23642] DEBUG -- Pubnub::Event: Event#handle
D, [2017-06-19T14:24:14.609952 #23642] DEBUG -- Pubnub::Event: Firing callbacks for Pubnub::Publish
E, [2017-06-19T14:27:47.145212 #23742] ERROR -- : Couldn't cleanly terminate all actors in 10 seconds!
